TN:
SF:src/modules/comments/useCases/createComment/CreateCommentUseCase.ts
FN:15,CreateCommentUseCase
FN:29,execute
FNF:2
FNH:2
FNDA:10,CreateCommentUseCase
FNDA:8,execute
DA:1,1
DA:2,1
DA:3,1
DA:4,1
DA:5,1
DA:6,1
DA:7,1
DA:8,1
DA:9,1
DA:10,1
DA:11,1
DA:12,1
DA:13,1
DA:14,1
DA:15,1
DA:16,10
DA:17,10
DA:18,10
DA:19,10
DA:20,10
DA:21,10
DA:22,10
DA:23,10
DA:24,10
DA:25,10
DA:26,10
DA:27,10
DA:28,1
DA:29,1
DA:30,8
DA:31,8
DA:32,8
DA:33,1
DA:34,1
DA:35,7
DA:36,7
DA:37,7
DA:38,7
DA:39,7
DA:40,7
DA:41,7
DA:42,7
DA:43,8
DA:44,7
DA:45,7
DA:46,7
DA:47,1
LF:47
LH:47
BRDA:15,0,0,10
BRDA:29,1,0,8
BRDA:32,2,0,7
BRDA:32,3,0,1
BRDA:43,4,0,0
BRDA:44,5,0,7
BRF:6
BRH:5
end_of_record
TN:
SF:src/modules/comments/useCases/removeCommentByOwnerPost/RemoveCommentByOwnerPostUseCase.ts
FN:14,RemoveCommentByOwnerPostUseCase
FN:25,execute
FNF:2
FNH:2
FNDA:4,RemoveCommentByOwnerPostUseCase
FNDA:4,execute
DA:1,1
DA:2,1
DA:3,1
DA:4,1
DA:5,1
DA:6,1
DA:7,1
DA:8,1
DA:9,1
DA:10,1
DA:11,1
DA:12,1
DA:13,1
DA:14,1
DA:15,4
DA:16,4
DA:17,4
DA:18,4
DA:19,4
DA:20,4
DA:21,4
DA:22,4
DA:23,4
DA:24,1
DA:25,1
DA:26,4
DA:27,4
DA:28,4
DA:29,1
DA:30,1
DA:31,3
DA:32,3
DA:33,3
DA:34,4
DA:35,1
DA:36,1
DA:37,2
DA:38,2
DA:39,2
DA:40,4
DA:41,1
DA:42,1
DA:43,1
DA:44,1
DA:45,1
DA:46,1
DA:47,1
DA:48,1
LF:48
LH:48
BRDA:14,0,0,4
BRDA:25,1,0,4
BRDA:28,2,0,1
BRDA:31,3,0,3
BRDA:34,4,0,2
BRDA:34,5,0,1
BRDA:37,6,0,2
BRDA:40,7,0,0
BRDA:40,8,0,2
BRDA:40,9,0,1
BRF:10
BRH:9
end_of_record
TN:
SF:src/modules/comments/useCases/updateComment/UpdateCommentUseCase.ts
FN:13,UpdateCommentUseCase
FN:21,execute
FNF:2
FNH:2
FNDA:4,UpdateCommentUseCase
FNDA:4,execute
DA:1,1
DA:2,1
DA:3,1
DA:4,1
DA:5,1
DA:6,1
DA:7,1
DA:8,1
DA:9,1
DA:10,1
DA:11,1
DA:12,1
DA:13,1
DA:14,4
DA:15,4
DA:16,4
DA:17,4
DA:18,4
DA:19,4
DA:20,1
DA:21,1
DA:22,4
DA:23,4
DA:24,4
DA:25,1
DA:26,1
DA:27,3
DA:28,3
DA:29,3
DA:30,4
DA:31,1
DA:32,1
DA:33,2
DA:34,4
DA:35,1
DA:36,1
DA:37,1
DA:38,1
DA:39,1
DA:40,1
DA:41,1
DA:42,1
DA:43,1
DA:44,1
LF:44
LH:44
BRDA:13,0,0,4
BRDA:21,1,0,4
BRDA:24,2,0,1
BRDA:27,3,0,3
BRDA:30,4,0,1
BRDA:33,5,0,2
BRDA:34,6,0,1
BRF:7
BRH:7
end_of_record
TN:
SF:src/modules/posts/useCases/UpdatePost/UpdatePostUseCase.ts
FN:13,UpdatePostUseCase
FN:21,execute
FNF:2
FNH:2
FNDA:4,UpdatePostUseCase
FNDA:4,execute
DA:1,1
DA:2,1
DA:3,1
DA:4,1
DA:5,1
DA:6,1
DA:7,1
DA:8,1
DA:9,1
DA:10,1
DA:11,1
DA:12,1
DA:13,1
DA:14,4
DA:15,4
DA:16,4
DA:17,4
DA:18,4
DA:19,4
DA:20,1
DA:21,1
DA:22,4
DA:23,4
DA:24,4
DA:25,1
DA:26,1
DA:27,3
DA:28,3
DA:29,3
DA:30,4
DA:31,1
DA:32,1
DA:33,2
DA:34,4
DA:35,1
DA:36,1
DA:37,1
DA:38,1
DA:39,1
DA:40,1
DA:41,1
DA:42,1
DA:43,1
DA:44,1
DA:45,1
LF:45
LH:45
BRDA:13,0,0,4
BRDA:21,1,0,4
BRDA:24,2,0,1
BRDA:27,3,0,3
BRDA:30,4,0,1
BRDA:33,5,0,2
BRDA:34,6,0,1
BRF:7
BRH:7
end_of_record
TN:
SF:src/modules/posts/useCases/createPost/CreatePostUseCase.ts
FN:10,CreatePostUseCase
FN:15,execute
FNF:2
FNH:2
FNDA:24,CreatePostUseCase
FNDA:15,execute
DA:1,1
DA:2,1
DA:3,1
DA:4,1
DA:5,1
DA:6,1
DA:7,1
DA:8,1
DA:9,1
DA:10,1
DA:11,24
DA:12,24
DA:13,24
DA:14,1
DA:15,1
DA:16,15
DA:17,15
DA:18,15
DA:19,15
DA:20,15
DA:21,15
DA:22,15
DA:23,15
DA:24,1
LF:24
LH:24
BRDA:10,0,0,24
BRDA:15,1,0,15
BRF:2
BRH:2
end_of_record
TN:
SF:src/modules/posts/useCases/getAllPosts/GetAllPostsUseCase.ts
FN:12,GetAllPostsUseCase
FN:20,execute
FNF:2
FNH:2
FNDA:2,GetAllPostsUseCase
FNDA:2,execute
DA:1,1
DA:2,1
DA:3,1
DA:4,1
DA:5,1
DA:6,1
DA:7,1
DA:8,1
DA:9,1
DA:10,1
DA:11,1
DA:12,1
DA:13,2
DA:14,2
DA:15,2
DA:16,2
DA:17,2
DA:18,2
DA:19,1
DA:20,1
DA:21,2
DA:22,2
DA:23,2
DA:24,1
DA:25,1
DA:26,1
DA:27,1
DA:28,1
DA:29,1
DA:30,1
DA:31,1
LF:31
LH:31
BRDA:12,0,0,2
BRDA:20,1,0,2
BRDA:23,2,0,1
BRF:3
BRH:3
end_of_record
TN:
SF:src/modules/posts/useCases/likeOrDislikePost/LikeOrDislikePostUseCase.ts
FN:13,LikeOrDislikePostUseCase
FN:21,execute
FNF:2
FNH:2
FNDA:4,LikeOrDislikePostUseCase
FNDA:4,execute
DA:1,1
DA:2,1
DA:3,1
DA:4,1
DA:5,1
DA:6,1
DA:7,1
DA:8,1
DA:9,1
DA:10,1
DA:11,1
DA:12,1
DA:13,1
DA:14,4
DA:15,4
DA:16,4
DA:17,4
DA:18,4
DA:19,4
DA:20,1
DA:21,1
DA:22,4
DA:23,4
DA:24,4
DA:25,1
DA:26,1
DA:27,3
DA:28,3
DA:29,3
DA:30,4
DA:31,1
DA:32,1
DA:33,2
DA:34,4
DA:35,1
DA:36,1
DA:37,2
DA:38,4
DA:39,1
DA:40,1
DA:41,2
DA:42,2
DA:43,2
DA:44,2
DA:45,2
DA:46,1
LF:46
LH:46
BRDA:13,0,0,4
BRDA:21,1,0,4
BRDA:24,2,0,1
BRDA:27,3,0,3
BRDA:30,4,0,1
BRDA:33,5,0,2
BRDA:34,6,0,1
BRDA:37,7,0,2
BRDA:38,8,0,1
BRDA:41,9,0,2
BRF:10
BRH:10
end_of_record
TN:
SF:src/modules/posts/useCases/updateViewsPost/UpdateViewsPostUseCase.ts
FN:13,UpdateViewsPostUseCase
FN:21,execute
FNF:2
FNH:2
FNDA:3,UpdateViewsPostUseCase
FNDA:3,execute
DA:1,1
DA:2,1
DA:3,1
DA:4,1
DA:5,1
DA:6,1
DA:7,1
DA:8,1
DA:9,1
DA:10,1
DA:11,1
DA:12,1
DA:13,1
DA:14,3
DA:15,3
DA:16,3
DA:17,3
DA:18,3
DA:19,3
DA:20,1
DA:21,1
DA:22,3
DA:23,3
DA:24,3
DA:25,1
DA:26,1
DA:27,2
DA:28,2
DA:29,2
DA:30,3
DA:31,1
DA:32,1
DA:33,1
DA:34,1
DA:35,1
DA:36,1
DA:37,1
DA:38,1
DA:39,1
DA:40,1
LF:40
LH:40
BRDA:13,0,0,3
BRDA:21,1,0,3
BRDA:24,2,0,1
BRDA:27,3,0,2
BRDA:30,4,0,1
BRF:5
BRH:5
end_of_record
TN:
SF:src/modules/posts/useCases/uploadFile/UploadFilesPostUseCase.ts
FN:1,(empty-report)
FNF:1
FNH:0
FNDA:0,(empty-report)
DA:1,0
DA:2,0
DA:3,0
DA:4,0
DA:5,0
DA:6,0
DA:7,0
DA:8,0
DA:9,0
DA:10,0
DA:11,0
DA:12,0
DA:13,0
DA:14,0
DA:15,0
DA:16,0
DA:17,0
DA:18,0
DA:19,0
DA:20,0
DA:21,0
DA:22,0
DA:23,0
DA:24,0
DA:25,0
DA:26,0
DA:27,0
DA:28,0
DA:29,0
DA:30,0
DA:31,0
DA:32,0
DA:33,0
DA:34,0
DA:35,0
DA:36,0
DA:37,0
DA:38,0
DA:39,0
DA:40,0
DA:41,0
DA:42,0
DA:43,0
DA:44,0
DA:45,0
DA:46,0
DA:47,0
DA:48,0
DA:49,0
DA:50,0
DA:51,0
DA:52,0
LF:52
LH:0
BRDA:1,0,0,0
BRF:1
BRH:0
end_of_record
TN:
SF:src/modules/users/useCases/authenticateUser/AuthenticateUserUseCase.ts
FN:19,AuthenticateUserUseCase
FN:24,execute
FNF:2
FNH:2
FNDA:3,AuthenticateUserUseCase
FNDA:3,execute
DA:1,1
DA:2,1
DA:3,1
DA:4,1
DA:5,1
DA:6,1
DA:7,1
DA:8,1
DA:9,1
DA:10,1
DA:11,1
DA:12,1
DA:13,1
DA:14,1
DA:15,1
DA:16,1
DA:17,1
DA:18,1
DA:19,1
DA:20,3
DA:21,3
DA:22,3
DA:23,1
DA:24,1
DA:25,3
DA:26,3
DA:27,3
DA:28,1
DA:29,1
DA:30,2
DA:31,2
DA:32,2
DA:33,3
DA:34,1
DA:35,1
DA:36,1
DA:37,1
DA:38,1
DA:39,1
DA:40,1
DA:41,1
DA:42,1
DA:43,1
DA:44,1
DA:45,1
DA:46,1
DA:47,1
DA:48,1
DA:49,1
DA:50,1
DA:51,1
DA:52,1
DA:53,1
DA:54,1
LF:54
LH:54
BRDA:19,0,0,3
BRDA:24,1,0,3
BRDA:27,2,0,1
BRDA:30,3,0,2
BRDA:33,4,0,1
BRF:5
BRH:5
end_of_record
TN:
SF:src/modules/users/useCases/createUser/CreateUserUseCase.ts
FN:12,CreateUserUseCase
FN:17,execute
FNF:2
FNH:2
FNDA:33,CreateUserUseCase
FNDA:29,execute
DA:1,1
DA:2,1
DA:3,1
DA:4,1
DA:5,1
DA:6,1
DA:7,1
DA:8,1
DA:9,1
DA:10,1
DA:11,1
DA:12,1
DA:13,33
DA:14,33
DA:15,33
DA:16,1
DA:17,1
DA:18,29
DA:19,29
DA:20,29
DA:21,1
DA:22,1
DA:23,28
DA:24,28
DA:25,28
DA:26,28
DA:27,28
DA:28,28
DA:29,28
DA:30,28
DA:31,28
DA:32,28
DA:33,1
LF:33
LH:33
BRDA:12,0,0,33
BRDA:17,1,0,29
BRDA:20,2,0,1
BRDA:23,3,0,28
BRF:4
BRH:4
end_of_record
TN:
SF:src/modules/users/useCases/updateUser/UpdateUserUseCase.ts
FN:19,UpdateUserUseCase
FN:24,execute
FNF:2
FNH:2
FNDA:4,UpdateUserUseCase
FNDA:4,execute
DA:1,1
DA:2,1
DA:3,1
DA:4,1
DA:5,1
DA:6,1
DA:7,1
DA:8,1
DA:9,1
DA:10,1
DA:11,1
DA:12,1
DA:13,1
DA:14,1
DA:15,1
DA:16,1
DA:17,1
DA:18,1
DA:19,1
DA:20,4
DA:21,4
DA:22,4
DA:23,1
DA:24,1
DA:25,4
DA:26,4
DA:27,4
DA:28,1
DA:29,1
DA:30,3
DA:31,3
DA:32,3
DA:33,4
DA:34,1
DA:35,1
DA:36,2
DA:37,2
DA:38,2
DA:39,2
DA:40,4
DA:41,2
DA:42,2
DA:43,2
DA:44,2
DA:45,2
DA:46,2
DA:47,1
DA:48,1
DA:49,1
DA:50,1
DA:51,1
DA:52,1
DA:53,1
DA:54,1
DA:55,1
DA:56,1
DA:57,1
DA:58,1
DA:59,1
LF:59
LH:59
BRDA:19,0,0,4
BRDA:24,1,0,4
BRDA:27,2,0,1
BRDA:30,3,0,3
BRDA:33,4,0,2
BRDA:33,5,0,1
BRDA:36,6,0,2
BRDA:40,7,0,2
BRDA:46,8,0,1
BRDA:54,9,0,1
BRF:10
BRH:10
end_of_record
